7:04:54 PM :: 
7:04:54 PM :: Set Robot Connection Events
7:04:54 PM :: Driver Dashboard started
7:04:54 PM ::         -----
7:04:55 PM :: NetworkTables is ready
7:04:55 PM :: Connecting Client to window
7:04:55 PM :: Mounted ran
7:04:56 PM :: onRobotConnection: Robot has connected
7:10:10 PM :: 
7:10:10 PM ::         -----
7:10:10 PM :: Driver Dashboard started
7:10:10 PM :: Set Robot Connection Events
7:10:11 PM :: NetworkTables is ready
7:10:11 PM :: Mounted ran
7:10:27 PM :: 
7:10:27 PM ::         -----
7:10:27 PM :: Driver Dashboard started
7:10:28 PM :: Set Robot Connection Events
7:10:28 PM :: NetworkTables is ready
7:12:36 PM :: 
7:12:36 PM ::         -----
7:12:36 PM :: Driver Dashboard started
7:12:36 PM :: Set Robot Connection Events
7:12:48 PM :: 
7:12:48 PM ::         -----
7:12:48 PM :: Driver Dashboard started
7:12:48 PM :: Set Robot Connection Events
7:13:04 PM :: 
7:13:04 PM ::         -----
7:13:04 PM :: Driver Dashboard started
7:13:04 PM :: Set Robot Connection Events
7:13:18 PM :: 
7:13:18 PM ::         -----
7:13:18 PM :: Driver Dashboard started
7:13:18 PM :: Set Robot Connection Events
7:13:32 PM :: 
7:13:32 PM ::         -----
7:13:32 PM :: Driver Dashboard started
7:13:33 PM :: Set Robot Connection Events
7:13:39 PM :: 
7:13:39 PM ::         -----
7:13:39 PM :: Driver Dashboard started
7:13:39 PM :: Set Robot Connection Events
7:17:17 PM :: 
7:17:17 PM ::         -----
7:17:17 PM :: Set Robot Connection Events
7:17:17 PM :: Driver Dashboard started
7:17:31 PM :: 
7:17:31 PM ::         -----
7:17:31 PM :: Driver Dashboard started
7:17:32 PM :: Set Robot Connection Events
7:17:42 PM :: 
7:17:42 PM ::         -----
7:17:42 PM :: Driver Dashboard started
7:17:42 PM :: Set Robot Connection Events
7:28:11 PM :: 
7:28:11 PM ::         -----
7:28:11 PM :: Driver Dashboard started
7:28:11 PM :: Set Robot Connection Events
7:28:12 PM :: NetworkTables is ready
7:28:12 PM :: Connecting Client to window
7:28:12 PM :: Mounted ran
7:28:12 PM :: onRobotConnection: Robot has connected
7:28:42 PM :: 
7:28:42 PM ::         -----
7:28:42 PM :: Driver Dashboard started
7:28:42 PM :: Set Robot Connection Events
7:28:43 PM :: NetworkTables is ready
7:28:43 PM :: Connecting Client to window
7:28:43 PM :: Mounted ran
7:28:44 PM :: onRobotConnection: Robot has connected
7:32:52 PM :: NetworkTables is ready
7:32:52 PM :: Connecting Client to window
7:32:53 PM :: Mounted ran
7:32:53 PM :: onRobotConnection: Robot has connected
7:33:17 PM :: 
7:33:17 PM ::         -----
7:33:17 PM :: Driver Dashboard started
7:33:17 PM :: Set Robot Connection Events
7:33:18 PM :: NetworkTables is ready
7:33:18 PM :: Connecting Client to window
7:33:18 PM :: Mounted ran
7:33:18 PM :: onRobotConnection: Robot has connected
7:38:05 PM :: Mounted ran
7:38:30 PM :: 
7:38:30 PM ::         -----
7:38:30 PM :: Driver Dashboard started
7:38:30 PM :: Set Robot Connection Events
7:38:31 PM :: Mounted ran
7:39:34 PM :: Mounted ran
7:39:54 PM :: 
7:39:54 PM ::         -----
7:39:54 PM :: Driver Dashboard started
7:39:54 PM :: Set Robot Connection Events
7:39:55 PM :: Mounted ran
7:41:08 PM :: 
7:41:08 PM ::         -----
7:41:08 PM :: Driver Dashboard started
7:41:08 PM :: Set Robot Connection Events
7:41:09 PM :: Mounted ran
7:41:59 PM :: 
7:41:59 PM ::         -----
7:41:59 PM :: Driver Dashboard started
7:41:59 PM :: Set Robot Connection Events
7:42:00 PM :: Mounted ran
7:42:54 PM :: NetworkTables is ready
7:42:54 PM :: Connecting Client to window
7:42:54 PM :: Mounted ran
7:42:54 PM :: onRobotConnection: Robot has connected
7:43:23 PM :: NetworkTables is ready
7:43:23 PM :: Connecting Client to window
7:43:24 PM :: Mounted ran
7:43:24 PM :: Mounted ran
7:43:24 PM :: onRobotConnection: Robot has connected
7:43:24 PM :: onRobotConnection: Robot has connected
7:43:56 PM :: 
7:43:56 PM :: Driver Dashboard started
7:43:56 PM :: Set Robot Connection Events
7:43:56 PM ::         -----
7:43:57 PM :: NetworkTables is ready
7:43:57 PM :: Connecting Client to window
7:43:57 PM :: Mounted ran
7:43:58 PM :: onRobotConnection: Robot has connected
7:48:04 PM :: NetworkTables is ready
7:48:04 PM :: Connecting Client to window
7:48:04 PM :: Mounted ran
7:48:04 PM :: onRobotConnection: Robot has connected
7:48:13 PM :: NetworkTables is ready
7:48:13 PM :: Connecting Client to window
7:48:13 PM :: Mounted ran
7:48:21 PM :: NetworkTables is ready
7:48:21 PM :: Connecting Client to window
7:48:21 PM :: Mounted ran
7:48:22 PM :: onRobotConnection: Robot has connected
7:48:30 PM :: NetworkTables is ready
7:48:30 PM :: Connecting Client to window
7:48:30 PM :: Mounted ran
7:48:34 PM :: NetworkTables is ready
7:48:34 PM :: Connecting Client to window
7:48:34 PM :: Mounted ran
7:48:34 PM :: onRobotConnection: Robot has connected
7:51:25 PM :: 
7:51:25 PM ::         -----
7:51:25 PM :: Driver Dashboard started
7:51:25 PM :: Set Robot Connection Events
7:51:26 PM :: NetworkTables is ready
7:51:26 PM :: Connecting Client to window
7:51:26 PM :: Mounted ran
7:51:26 PM :: onRobotConnection: Robot has connected
7:51:47 PM :: NetworkTables is ready
7:51:47 PM :: Connecting Client to window
7:51:47 PM :: Mounted ran
7:51:47 PM :: onRobotConnection: Robot has connected
7:51:47 PM :: [object Object]: Trying to connect to connect 
