7:06:10 AM :: setIcp
7:09:30 AM :: setIcp
7:10:50 AM :: 
7:10:50 AM ::         -----
7:10:50 AM :: Driver Dashboard started
7:10:50 AM :: setIcp
7:15:31 AM :: 
7:15:31 AM ::         -----
7:15:31 AM :: Driver Dashboard started
7:15:31 AM :: Set ICP functions
7:20:42 AM :: 
7:20:42 AM ::         -----
7:20:42 AM :: Driver Dashboard started
7:20:42 AM :: Set ICP functions
7:23:59 AM ::         -----
7:23:59 AM :: 
7:23:59 AM :: Driver Dashboard started
7:23:59 AM :: Set ICP functions
7:25:09 AM :: 
7:25:09 AM ::         -----
7:25:09 AM :: Driver Dashboard started
7:25:09 AM :: Set ICP functions
7:25:54 AM :: 
7:25:54 AM ::         -----
7:25:54 AM :: Driver Dashboard started
7:25:54 AM :: Set ICP functions
7:27:43 AM :: 
7:27:43 AM ::         -----
7:27:43 AM :: Driver Dashboard started
7:27:43 AM :: Set Robot Connection Events
7:33:58 AM :: 
7:33:58 AM ::         -----
7:33:58 AM :: Driver Dashboard started
7:33:58 AM :: Set Robot Connection Events
7:33:58 AM :: Start Client connection...
7:35:46 AM :: 
7:35:46 AM ::         -----
7:35:46 AM :: Driver Dashboard started
7:35:46 AM :: Set Robot Connection Events
7:35:46 AM :: Start Client connection...
7:38:52 AM :: 
7:38:52 AM ::         -----
7:38:52 AM :: Driver Dashboard started
7:38:52 AM :: Set Robot Connection Events
7:38:53 AM :: Start Client connection...
7:42:53 AM :: 
7:42:53 AM ::         -----
7:42:53 AM :: Driver Dashboard started
7:42:53 AM :: Set Robot Connection Events
7:43:16 AM :: 
7:43:16 AM ::         -----
7:43:16 AM :: Driver Dashboard started
7:43:16 AM :: Set Robot Connection Events
